<?xml version="1.0" encoding="UTF-8"?>
<testsuite xmlns:xsi="http://www.w3.org/2001/XMLSchema-instance" xsi:noNamespaceSchemaLocation="https://maven.apache.org/surefire/maven-surefire-plugin/xsd/surefire-test-report.xsd" name="com.skywilling.cn.scheduler.core.trajectoryalgorithm.GolbalPlanningTest" time="0.057" tests="4" errors="0" skipped="0" failures="1">
  <properties>
    <property name="sun.desktop" value="windows"/>
    <property name="awt.toolkit" value="sun.awt.windows.WToolkit"/>
    <property name="file.encoding.pkg" value="sun.io"/>
    <property name="java.specification.version" value="1.8"/>
    <property name="sun.cpu.isalist" value="amd64"/>
    <property name="sun.jnu.encoding" value="GBK"/>
    <property name="java.class.path" value="E:\SchedulingPlatform\scheduler\target\test-classes;E:\SchedulingPlatform\scheduler\target\classes;E:\SchedulingPlatform\livemap\target\livemap-0.0.1-SNAPSHOT.jar;E:\SchedulingPlatform\common\target\common-0.0.1-SNAPSHOT.jar;E:\SchedulingPlatform\command\target\command-0.0.1-SNAPSHOT.jar;E:\SchedulingPlatform\connection\target\connection-0.0.1-SNAPSHOT.jar;E:\SchedulingPlatform\monitor\target\monitor-0.0.1-SNAPSHOT.jar;E:\SchedulingPlatform\manager\target\manager-0.0.1-SNAPSHOT.jar;C:\Users\po\.m2\repository\org\springframework\boot\spring-boot-starter-web\2.1.3.RELEASE\spring-boot-starter-web-2.1.3.RELEASE.jar;C:\Users\po\.m2\repository\org\springframework\boot\spring-boot-starter\2.1.3.RELEASE\spring-boot-starter-2.1.3.RELEASE.jar;C:\Users\po\.m2\repository\org\springframework\boot\spring-boot-starter-logging\2.1.3.RELEASE\spring-boot-starter-logging-2.1.3.RELEASE.jar;C:\Users\po\.m2\repository\ch\qos\logback\logback-classic\1.2.3\logback-classic-1.2.3.jar;C:\Users\po\.m2\repository\ch\qos\logback\logback-core\1.2.3\logback-core-1.2.3.jar;C:\Users\po\.m2\repository\org\apache\logging\log4j\log4j-to-slf4j\2.11.2\log4j-to-slf4j-2.11.2.jar;C:\Users\po\.m2\repository\org\apache\logging\log4j\log4j-api\2.11.2\log4j-api-2.11.2.jar;C:\Users\po\.m2\repository\org\slf4j\jul-to-slf4j\1.7.25\jul-to-slf4j-1.7.25.jar;C:\Users\po\.m2\repository\javax\annotation\javax.annotation-api\1.3.2\javax.annotation-api-1.3.2.jar;C:\Users\po\.m2\repository\org\yaml\snakeyaml\1.23\snakeyaml-1.23.jar;C:\Users\po\.m2\repository\org\springframework\boot\spring-boot-starter-json\2.1.3.RELEASE\spring-boot-starter-json-2.1.3.RELEASE.jar;C:\Users\po\.m2\repository\org\springframework\boot\spring-boot-starter-tomcat\2.1.3.RELEASE\spring-boot-starter-tomcat-2.1.3.RELEASE.jar;C:\Users\po\.m2\repository\org\apache\tomcat\embed\tomcat-embed-core\9.0.16\tomcat-embed-core-9.0.16.jar;C:\Users\po\.m2\repository\org\apache\tomcat\embed\tomcat-embed-el\9.0.16\tomcat-embed-el-9.0.16.jar;C:\Users\po\.m2\repository\org\apache\tomcat\embed\tomcat-embed-websocket\9.0.16\tomcat-embed-websocket-9.0.16.jar;C:\Users\po\.m2\repository\org\hibernate\validator\hibernate-validator\6.0.14.Final\hibernate-validator-6.0.14.Final.jar;C:\Users\po\.m2\repository\javax\validation\validation-api\2.0.1.Final\validation-api-2.0.1.Final.jar;C:\Users\po\.m2\repository\org\jboss\logging\jboss-logging\3.3.2.Final\jboss-logging-3.3.2.Final.jar;C:\Users\po\.m2\repository\org\springframework\spring-web\5.1.5.RELEASE\spring-web-5.1.5.RELEASE.jar;C:\Users\po\.m2\repository\org\springframework\spring-beans\5.1.5.RELEASE\spring-beans-5.1.5.RELEASE.jar;C:\Users\po\.m2\repository\org\springframework\spring-webmvc\5.1.5.RELEASE\spring-webmvc-5.1.5.RELEASE.jar;C:\Users\po\.m2\repository\org\springframework\spring-aop\5.1.5.RELEASE\spring-aop-5.1.5.RELEASE.jar;C:\Users\po\.m2\repository\org\springframework\spring-context\5.1.5.RELEASE\spring-context-5.1.5.RELEASE.jar;C:\Users\po\.m2\repository\org\springframework\spring-expression\5.1.5.RELEASE\spring-expression-5.1.5.RELEASE.jar;C:\Users\po\.m2\repository\org\springframework\boot\spring-boot-starter-thymeleaf\2.1.3.RELEASE\spring-boot-starter-thymeleaf-2.1.3.RELEASE.jar;C:\Users\po\.m2\repository\org\thymeleaf\thymeleaf-spring5\3.0.11.RELEASE\thymeleaf-spring5-3.0.11.RELEASE.jar;C:\Users\po\.m2\repository\org\thymeleaf\thymeleaf\3.0.11.RELEASE\thymeleaf-3.0.11.RELEASE.jar;C:\Users\po\.m2\repository\org\attoparser\attoparser\2.0.5.RELEASE\attoparser-2.0.5.RELEASE.jar;C:\Users\po\.m2\repository\org\unbescape\unbescape\1.1.6.RELEASE\unbescape-1.1.6.RELEASE.jar;C:\Users\po\.m2\repository\org\thymeleaf\extras\thymeleaf-extras-java8time\3.0.3.RELEASE\thymeleaf-extras-java8time-3.0.3.RELEASE.jar;C:\Users\po\.m2\repository\org\springframework\boot\spring-boot-starter-test\2.1.3.RELEASE\spring-boot-starter-test-2.1.3.RELEASE.jar;C:\Users\po\.m2\repository\org\springframework\boot\spring-boot-test\2.1.3.RELEASE\spring-boot-test-2.1.3.RELEASE.jar;C:\Users\po\.m2\repository\org\springframework\boot\spring-boot-test-autoconfigure\2.1.3.RELEASE\spring-boot-test-autoconfigure-2.1.3.RELEASE.jar;C:\Users\po\.m2\repository\junit\junit\4.12\junit-4.12.jar;C:\Users\po\.m2\repository\org\assertj\assertj-core\3.11.1\assertj-core-3.11.1.jar;C:\Users\po\.m2\repository\org\mockito\mockito-core\2.23.4\mockito-core-2.23.4.jar;C:\Users\po\.m2\repository\net\bytebuddy\byte-buddy\1.9.10\byte-buddy-1.9.10.jar;C:\Users\po\.m2\repository\net\bytebuddy\byte-buddy-agent\1.9.10\byte-buddy-agent-1.9.10.jar;C:\Users\po\.m2\repository\org\hamcrest\hamcrest-core\1.3\hamcrest-core-1.3.jar;C:\Users\po\.m2\repository\org\hamcrest\hamcrest-library\1.3\hamcrest-library-1.3.jar;C:\Users\po\.m2\repository\org\skyscreamer\jsonassert\1.5.0\jsonassert-1.5.0.jar;C:\Users\po\.m2\repository\org\springframework\spring-core\5.1.5.RELEASE\spring-core-5.1.5.RELEASE.jar;C:\Users\po\.m2\repository\org\springframework\spring-jcl\5.1.5.RELEASE\spring-jcl-5.1.5.RELEASE.jar;C:\Users\po\.m2\repository\org\springframework\spring-test\5.1.5.RELEASE\spring-test-5.1.5.RELEASE.jar;C:\Users\po\.m2\repository\org\xmlunit\xmlunit-core\2.6.2\xmlunit-core-2.6.2.jar;C:\Users\po\.m2\repository\org\springframework\boot\spring-boot-configuration-processor\2.1.3.RELEASE\spring-boot-configuration-processor-2.1.3.RELEASE.jar;C:\Users\po\.m2\repository\commons-codec\commons-codec\1.10\commons-codec-1.10.jar;C:\Users\po\.m2\repository\commons-fileupload\commons-fileupload\1.3.3\commons-fileupload-1.3.3.jar;C:\Users\po\.m2\repository\commons-io\commons-io\2.2\commons-io-2.2.jar;C:\Users\po\.m2\repository\org\apache\commons\commons-configuration2\2.7\commons-configuration2-2.7.jar;C:\Users\po\.m2\repository\org\apache\commons\commons-text\1.8\commons-text-1.8.jar;C:\Users\po\.m2\repository\commons-logging\commons-logging\1.2\commons-logging-1.2.jar;C:\Users\po\.m2\repository\commons-beanutils\commons-beanutils\1.9.4\commons-beanutils-1.9.4.jar;C:\Users\po\.m2\repository\commons-collections\commons-collections\3.2.2\commons-collections-3.2.2.jar;C:\Users\po\.m2\repository\com\auth0\java-jwt\3.3.0\java-jwt-3.3.0.jar;C:\Users\po\.m2\repository\com\aliyun\aliyun-java-sdk-core\3.5.0\aliyun-java-sdk-core-3.5.0.jar;C:\Users\po\.m2\repository\org\json\json\20170516\json-20170516.jar;C:\Users\po\.m2\repository\com\aliyun\aliyun-java-sdk-dysmsapi\1.0.0\aliyun-java-sdk-dysmsapi-1.0.0.jar;C:\Users\po\.m2\repository\io\netty\netty-all\4.1.42.Final\netty-all-4.1.42.Final.jar;C:\Users\po\.m2\repository\org\apache\kafka\kafka-clients\0.10.1.0\kafka-clients-0.10.1.0.jar;C:\Users\po\.m2\repository\net\jpountz\lz4\lz4\1.3.0\lz4-1.3.0.jar;C:\Users\po\.m2\repository\org\xerial\snappy\snappy-java\1.1.2.6\snappy-java-1.1.2.6.jar;C:\Users\po\.m2\repository\org\slf4j\slf4j-api\1.7.25\slf4j-api-1.7.25.jar;C:\Users\po\.m2\repository\org\mybatis\spring\boot\mybatis-spring-boot-starter\2.0.0\mybatis-spring-boot-starter-2.0.0.jar;C:\Users\po\.m2\repository\org\springframework\boot\spring-boot-starter-jdbc\2.1.3.RELEASE\spring-boot-starter-jdbc-2.1.3.RELEASE.jar;C:\Users\po\.m2\repository\com\zaxxer\HikariCP\3.2.0\HikariCP-3.2.0.jar;C:\Users\po\.m2\repository\org\springframework\spring-jdbc\5.1.5.RELEASE\spring-jdbc-5.1.5.RELEASE.jar;C:\Users\po\.m2\repository\org\mybatis\spring\boot\mybatis-spring-boot-autoconfigure\2.0.0\mybatis-spring-boot-autoconfigure-2.0.0.jar;C:\Users\po\.m2\repository\org\mybatis\mybatis\3.5.0\mybatis-3.5.0.jar;C:\Users\po\.m2\repository\org\mybatis\mybatis-spring\2.0.0\mybatis-spring-2.0.0.jar;C:\Users\po\.m2\repository\com\github\pagehelper\pagehelper\4.2.1\pagehelper-4.2.1.jar;C:\Users\po\.m2\repository\com\github\jsqlparser\jsqlparser\0.9.5\jsqlparser-0.9.5.jar;C:\Users\po\.m2\repository\com\alibaba\druid\1.0.27\druid-1.0.27.jar;D:\jdk8\jre\..\lib\jconsole.jar;D:\jdk8\jre\..\lib\tools.jar;C:\Users\po\.m2\repository\mysql\mysql-connector-java\8.0.16\mysql-connector-java-8.0.16.jar;C:\Users\po\.m2\repository\org\springframework\boot\spring-boot-starter-data-redis\2.1.3.RELEASE\spring-boot-starter-data-redis-2.1.3.RELEASE.jar;C:\Users\po\.m2\repository\org\springframework\data\spring-data-redis\2.1.5.RELEASE\spring-data-redis-2.1.5.RELEASE.jar;C:\Users\po\.m2\repository\org\springframework\data\spring-data-keyvalue\2.1.5.RELEASE\spring-data-keyvalue-2.1.5.RELEASE.jar;C:\Users\po\.m2\repository\org\springframework\spring-tx\5.1.5.RELEASE\spring-tx-5.1.5.RELEASE.jar;C:\Users\po\.m2\repository\org\springframework\spring-oxm\5.1.5.RELEASE\spring-oxm-5.1.5.RELEASE.jar;C:\Users\po\.m2\repository\org\springframework\spring-context-support\5.1.5.RELEASE\spring-context-support-5.1.5.RELEASE.jar;C:\Users\po\.m2\repository\io\lettuce\lettuce-core\5.1.4.RELEASE\lettuce-core-5.1.4.RELEASE.jar;C:\Users\po\.m2\repository\io\netty\netty-common\4.1.33.Final\netty-common-4.1.33.Final.jar;C:\Users\po\.m2\repository\io\netty\netty-handler\4.1.33.Final\netty-handler-4.1.33.Final.jar;C:\Users\po\.m2\repository\io\netty\netty-buffer\4.1.33.Final\netty-buffer-4.1.33.Final.jar;C:\Users\po\.m2\repository\io\netty\netty-codec\4.1.33.Final\netty-codec-4.1.33.Final.jar;C:\Users\po\.m2\repository\io\netty\netty-transport\4.1.33.Final\netty-transport-4.1.33.Final.jar;C:\Users\po\.m2\repository\io\netty\netty-resolver\4.1.33.Final\netty-resolver-4.1.33.Final.jar;C:\Users\po\.m2\repository\io\projectreactor\reactor-core\3.2.6.RELEASE\reactor-core-3.2.6.RELEASE.jar;C:\Users\po\.m2\repository\org\reactivestreams\reactive-streams\1.0.2\reactive-streams-1.0.2.jar;C:\Users\po\.m2\repository\redis\clients\jedis\2.8.0\jedis-2.8.0.jar;C:\Users\po\.m2\repository\org\apache\commons\commons-pool2\2.6.1\commons-pool2-2.6.1.jar;C:\Users\po\.m2\repository\org\springframework\boot\spring-boot-starter-data-mongodb\2.1.3.RELEASE\spring-boot-starter-data-mongodb-2.1.3.RELEASE.jar;C:\Users\po\.m2\repository\org\mongodb\mongodb-driver\3.8.2\mongodb-driver-3.8.2.jar;C:\Users\po\.m2\repository\org\mongodb\bson\3.8.2\bson-3.8.2.jar;C:\Users\po\.m2\repository\org\mongodb\mongodb-driver-core\3.8.2\mongodb-driver-core-3.8.2.jar;C:\Users\po\.m2\repository\org\springframework\data\spring-data-mongodb\2.1.5.RELEASE\spring-data-mongodb-2.1.5.RELEASE.jar;C:\Users\po\.m2\repository\org\springframework\data\spring-data-commons\2.1.5.RELEASE\spring-data-commons-2.1.5.RELEASE.jar;C:\Users\po\.m2\repository\org\mongodb\mongo-java-driver\3.6.0\mongo-java-driver-3.6.0.jar;C:\Users\po\.m2\repository\com\alibaba\fastjson\1.2.40\fastjson-1.2.40.jar;C:\Users\po\.m2\repository\org\apache\commons\commons-lang3\3.6\commons-lang3-3.6.jar;C:\Users\po\.m2\repository\com\fasterxml\jackson\core\jackson-annotations\2.11.3\jackson-annotations-2.11.3.jar;C:\Users\po\.m2\repository\com\fasterxml\jackson\core\jackson-core\2.11.3\jackson-core-2.11.3.jar;C:\Users\po\.m2\repository\com\fasterxml\jackson\core\jackson-databind\2.11.3\jackson-databind-2.11.3.jar;C:\Users\po\.m2\repository\com\fasterxml\jackson\module\jackson-module-parameter-names\2.9.8\jackson-module-parameter-names-2.9.8.jar;C:\Users\po\.m2\repository\com\fasterxml\jackson\datatype\jackson-datatype-jdk8\2.9.8\jackson-datatype-jdk8-2.9.8.jar;C:\Users\po\.m2\repository\com\fasterxml\jackson\datatype\jackson-datatype-jsr310\2.9.8\jackson-datatype-jsr310-2.9.8.jar;C:\Users\po\.m2\repository\com\jayway\jsonpath\json-path\2.2.0\json-path-2.2.0.jar;C:\Users\po\.m2\repository\net\minidev\json-smart\2.2.1\json-smart-2.2.1.jar;C:\Users\po\.m2\repository\net\minidev\accessors-smart\1.1\accessors-smart-1.1.jar;C:\Users\po\.m2\repository\org\ow2\asm\asm\5.0.3\asm-5.0.3.jar;C:\Users\po\.m2\repository\org\dom4j\dom4j\2.1.3\dom4j-2.1.3.jar;C:\Users\po\.m2\repository\com\esotericsoftware\kryo-shaded\3.0.3\kryo-shaded-3.0.3.jar;C:\Users\po\.m2\repository\com\esotericsoftware\minlog\1.3.0\minlog-1.3.0.jar;C:\Users\po\.m2\repository\org\objenesis\objenesis\2.1\objenesis-2.1.jar;C:\Users\po\.m2\repository\net\sourceforge\javacsv\javacsv\2.0\javacsv-2.0.jar;C:\Users\po\.m2\repository\org\projectlombok\lombok\1.18.2\lombok-1.18.2.jar;C:\Users\po\.m2\repository\io\springfox\springfox-swagger2\2.6.1\springfox-swagger2-2.6.1.jar;C:\Users\po\.m2\repository\io\swagger\swagger-annotations\1.5.10\swagger-annotations-1.5.10.jar;C:\Users\po\.m2\repository\io\swagger\swagger-models\1.5.10\swagger-models-1.5.10.jar;C:\Users\po\.m2\repository\io\springfox\springfox-spi\2.6.1\springfox-spi-2.6.1.jar;C:\Users\po\.m2\repository\io\springfox\springfox-core\2.6.1\springfox-core-2.6.1.jar;C:\Users\po\.m2\repository\io\springfox\springfox-schema\2.6.1\springfox-schema-2.6.1.jar;C:\Users\po\.m2\repository\io\springfox\springfox-swagger-common\2.6.1\springfox-swagger-common-2.6.1.jar;C:\Users\po\.m2\repository\io\springfox\springfox-spring-web\2.6.1\springfox-spring-web-2.6.1.jar;C:\Users\po\.m2\repository\com\google\guava\guava\18.0\guava-18.0.jar;C:\Users\po\.m2\repository\com\fasterxml\classmate\1.4.0\classmate-1.4.0.jar;C:\Users\po\.m2\repository\org\springframework\plugin\spring-plugin-core\1.2.0.RELEASE\spring-plugin-core-1.2.0.RELEASE.jar;C:\Users\po\.m2\repository\org\springframework\plugin\spring-plugin-metadata\1.2.0.RELEASE\spring-plugin-metadata-1.2.0.RELEASE.jar;C:\Users\po\.m2\repository\org\mapstruct\mapstruct\1.0.0.Final\mapstruct-1.0.0.Final.jar;C:\Users\po\.m2\repository\io\springfox\springfox-swagger-ui\2.6.1\springfox-swagger-ui-2.6.1.jar;C:\Users\po\.m2\repository\org\springframework\boot\spring-boot-devtools\2.1.3.RELEASE\spring-boot-devtools-2.1.3.RELEASE.jar;C:\Users\po\.m2\repository\org\springframework\boot\spring-boot\2.1.3.RELEASE\spring-boot-2.1.3.RELEASE.jar;C:\Users\po\.m2\repository\org\springframework\boot\spring-boot-autoconfigure\2.1.3.RELEASE\spring-boot-autoconfigure-2.1.3.RELEASE.jar;"/>
    <property name="java.vm.vendor" value="Oracle Corporation"/>
    <property name="sun.arch.data.model" value="64"/>
    <property name="user.variant" value=""/>
    <property name="java.vendor.url" value="http://java.oracle.com/"/>
    <property name="user.timezone" value="Asia/Shanghai"/>
    <property name="java.vm.specification.version" value="1.8"/>
    <property name="os.name" value="Windows 10"/>
    <property name="user.country" value="CN"/>
    <property name="sun.java.launcher" value="SUN_STANDARD"/>
    <property name="sun.boot.library.path" value="D:\jdk8\jre\bin"/>
    <property name="sun.java.command" value="C:\Users\po\AppData\Local\Temp\surefire661002234235374120\surefirebooter7015636442353014427.jar C:\Users\po\AppData\Local\Temp\surefire661002234235374120 2020-10-29T21-02-48_382-jvmRun1 surefire6151908066998873272tmp surefire_27633178480166395502tmp"/>
    <property name="surefire.test.class.path" value="E:\SchedulingPlatform\scheduler\target\test-classes;E:\SchedulingPlatform\scheduler\target\classes;E:\SchedulingPlatform\livemap\target\livemap-0.0.1-SNAPSHOT.jar;E:\SchedulingPlatform\common\target\common-0.0.1-SNAPSHOT.jar;E:\SchedulingPlatform\command\target\command-0.0.1-SNAPSHOT.jar;E:\SchedulingPlatform\connection\target\connection-0.0.1-SNAPSHOT.jar;E:\SchedulingPlatform\monitor\target\monitor-0.0.1-SNAPSHOT.jar;E:\SchedulingPlatform\manager\target\manager-0.0.1-SNAPSHOT.jar;C:\Users\po\.m2\repository\org\springframework\boot\spring-boot-starter-web\2.1.3.RELEASE\spring-boot-starter-web-2.1.3.RELEASE.jar;C:\Users\po\.m2\repository\org\springframework\boot\spring-boot-starter\2.1.3.RELEASE\spring-boot-starter-2.1.3.RELEASE.jar;C:\Users\po\.m2\repository\org\springframework\boot\spring-boot-starter-logging\2.1.3.RELEASE\spring-boot-starter-logging-2.1.3.RELEASE.jar;C:\Users\po\.m2\repository\ch\qos\logback\logback-classic\1.2.3\logback-classic-1.2.3.jar;C:\Users\po\.m2\repository\ch\qos\logback\logback-core\1.2.3\logback-core-1.2.3.jar;C:\Users\po\.m2\repository\org\apache\logging\log4j\log4j-to-slf4j\2.11.2\log4j-to-slf4j-2.11.2.jar;C:\Users\po\.m2\repository\org\apache\logging\log4j\log4j-api\2.11.2\log4j-api-2.11.2.jar;C:\Users\po\.m2\repository\org\slf4j\jul-to-slf4j\1.7.25\jul-to-slf4j-1.7.25.jar;C:\Users\po\.m2\repository\javax\annotation\javax.annotation-api\1.3.2\javax.annotation-api-1.3.2.jar;C:\Users\po\.m2\repository\org\yaml\snakeyaml\1.23\snakeyaml-1.23.jar;C:\Users\po\.m2\repository\org\springframework\boot\spring-boot-starter-json\2.1.3.RELEASE\spring-boot-starter-json-2.1.3.RELEASE.jar;C:\Users\po\.m2\repository\org\springframework\boot\spring-boot-starter-tomcat\2.1.3.RELEASE\spring-boot-starter-tomcat-2.1.3.RELEASE.jar;C:\Users\po\.m2\repository\org\apache\tomcat\embed\tomcat-embed-core\9.0.16\tomcat-embed-core-9.0.16.jar;C:\Users\po\.m2\repository\org\apache\tomcat\embed\tomcat-embed-el\9.0.16\tomcat-embed-el-9.0.16.jar;C:\Users\po\.m2\repository\org\apache\tomcat\embed\tomcat-embed-websocket\9.0.16\tomcat-embed-websocket-9.0.16.jar;C:\Users\po\.m2\repository\org\hibernate\validator\hibernate-validator\6.0.14.Final\hibernate-validator-6.0.14.Final.jar;C:\Users\po\.m2\repository\javax\validation\validation-api\2.0.1.Final\validation-api-2.0.1.Final.jar;C:\Users\po\.m2\repository\org\jboss\logging\jboss-logging\3.3.2.Final\jboss-logging-3.3.2.Final.jar;C:\Users\po\.m2\repository\org\springframework\spring-web\5.1.5.RELEASE\spring-web-5.1.5.RELEASE.jar;C:\Users\po\.m2\repository\org\springframework\spring-beans\5.1.5.RELEASE\spring-beans-5.1.5.RELEASE.jar;C:\Users\po\.m2\repository\org\springframework\spring-webmvc\5.1.5.RELEASE\spring-webmvc-5.1.5.RELEASE.jar;C:\Users\po\.m2\repository\org\springframework\spring-aop\5.1.5.RELEASE\spring-aop-5.1.5.RELEASE.jar;C:\Users\po\.m2\repository\org\springframework\spring-context\5.1.5.RELEASE\spring-context-5.1.5.RELEASE.jar;C:\Users\po\.m2\repository\org\springframework\spring-expression\5.1.5.RELEASE\spring-expression-5.1.5.RELEASE.jar;C:\Users\po\.m2\repository\org\springframework\boot\spring-boot-starter-thymeleaf\2.1.3.RELEASE\spring-boot-starter-thymeleaf-2.1.3.RELEASE.jar;C:\Users\po\.m2\repository\org\thymeleaf\thymeleaf-spring5\3.0.11.RELEASE\thymeleaf-spring5-3.0.11.RELEASE.jar;C:\Users\po\.m2\repository\org\thymeleaf\thymeleaf\3.0.11.RELEASE\thymeleaf-3.0.11.RELEASE.jar;C:\Users\po\.m2\repository\org\attoparser\attoparser\2.0.5.RELEASE\attoparser-2.0.5.RELEASE.jar;C:\Users\po\.m2\repository\org\unbescape\unbescape\1.1.6.RELEASE\unbescape-1.1.6.RELEASE.jar;C:\Users\po\.m2\repository\org\thymeleaf\extras\thymeleaf-extras-java8time\3.0.3.RELEASE\thymeleaf-extras-java8time-3.0.3.RELEASE.jar;C:\Users\po\.m2\repository\org\springframework\boot\spring-boot-starter-test\2.1.3.RELEASE\spring-boot-starter-test-2.1.3.RELEASE.jar;C:\Users\po\.m2\repository\org\springframework\boot\spring-boot-test\2.1.3.RELEASE\spring-boot-test-2.1.3.RELEASE.jar;C:\Users\po\.m2\repository\org\springframework\boot\spring-boot-test-autoconfigure\2.1.3.RELEASE\spring-boot-test-autoconfigure-2.1.3.RELEASE.jar;C:\Users\po\.m2\repository\junit\junit\4.12\junit-4.12.jar;C:\Users\po\.m2\repository\org\assertj\assertj-core\3.11.1\assertj-core-3.11.1.jar;C:\Users\po\.m2\repository\org\mockito\mockito-core\2.23.4\mockito-core-2.23.4.jar;C:\Users\po\.m2\repository\net\bytebuddy\byte-buddy\1.9.10\byte-buddy-1.9.10.jar;C:\Users\po\.m2\repository\net\bytebuddy\byte-buddy-agent\1.9.10\byte-buddy-agent-1.9.10.jar;C:\Users\po\.m2\repository\org\hamcrest\hamcrest-core\1.3\hamcrest-core-1.3.jar;C:\Users\po\.m2\repository\org\hamcrest\hamcrest-library\1.3\hamcrest-library-1.3.jar;C:\Users\po\.m2\repository\org\skyscreamer\jsonassert\1.5.0\jsonassert-1.5.0.jar;C:\Users\po\.m2\repository\org\springframework\spring-core\5.1.5.RELEASE\spring-core-5.1.5.RELEASE.jar;C:\Users\po\.m2\repository\org\springframework\spring-jcl\5.1.5.RELEASE\spring-jcl-5.1.5.RELEASE.jar;C:\Users\po\.m2\repository\org\springframework\spring-test\5.1.5.RELEASE\spring-test-5.1.5.RELEASE.jar;C:\Users\po\.m2\repository\org\xmlunit\xmlunit-core\2.6.2\xmlunit-core-2.6.2.jar;C:\Users\po\.m2\repository\org\springframework\boot\spring-boot-configuration-processor\2.1.3.RELEASE\spring-boot-configuration-processor-2.1.3.RELEASE.jar;C:\Users\po\.m2\repository\commons-codec\commons-codec\1.10\commons-codec-1.10.jar;C:\Users\po\.m2\repository\commons-fileupload\commons-fileupload\1.3.3\commons-fileupload-1.3.3.jar;C:\Users\po\.m2\repository\commons-io\commons-io\2.2\commons-io-2.2.jar;C:\Users\po\.m2\repository\org\apache\commons\commons-configuration2\2.7\commons-configuration2-2.7.jar;C:\Users\po\.m2\repository\org\apache\commons\commons-text\1.8\commons-text-1.8.jar;C:\Users\po\.m2\repository\commons-logging\commons-logging\1.2\commons-logging-1.2.jar;C:\Users\po\.m2\repository\commons-beanutils\commons-beanutils\1.9.4\commons-beanutils-1.9.4.jar;C:\Users\po\.m2\repository\commons-collections\commons-collections\3.2.2\commons-collections-3.2.2.jar;C:\Users\po\.m2\repository\com\auth0\java-jwt\3.3.0\java-jwt-3.3.0.jar;C:\Users\po\.m2\repository\com\aliyun\aliyun-java-sdk-core\3.5.0\aliyun-java-sdk-core-3.5.0.jar;C:\Users\po\.m2\repository\org\json\json\20170516\json-20170516.jar;C:\Users\po\.m2\repository\com\aliyun\aliyun-java-sdk-dysmsapi\1.0.0\aliyun-java-sdk-dysmsapi-1.0.0.jar;C:\Users\po\.m2\repository\io\netty\netty-all\4.1.42.Final\netty-all-4.1.42.Final.jar;C:\Users\po\.m2\repository\org\apache\kafka\kafka-clients\0.10.1.0\kafka-clients-0.10.1.0.jar;C:\Users\po\.m2\repository\net\jpountz\lz4\lz4\1.3.0\lz4-1.3.0.jar;C:\Users\po\.m2\repository\org\xerial\snappy\snappy-java\1.1.2.6\snappy-java-1.1.2.6.jar;C:\Users\po\.m2\repository\org\slf4j\slf4j-api\1.7.25\slf4j-api-1.7.25.jar;C:\Users\po\.m2\repository\org\mybatis\spring\boot\mybatis-spring-boot-starter\2.0.0\mybatis-spring-boot-starter-2.0.0.jar;C:\Users\po\.m2\repository\org\springframework\boot\spring-boot-starter-jdbc\2.1.3.RELEASE\spring-boot-starter-jdbc-2.1.3.RELEASE.jar;C:\Users\po\.m2\repository\com\zaxxer\HikariCP\3.2.0\HikariCP-3.2.0.jar;C:\Users\po\.m2\repository\org\springframework\spring-jdbc\5.1.5.RELEASE\spring-jdbc-5.1.5.RELEASE.jar;C:\Users\po\.m2\repository\org\mybatis\spring\boot\mybatis-spring-boot-autoconfigure\2.0.0\mybatis-spring-boot-autoconfigure-2.0.0.jar;C:\Users\po\.m2\repository\org\mybatis\mybatis\3.5.0\mybatis-3.5.0.jar;C:\Users\po\.m2\repository\org\mybatis\mybatis-spring\2.0.0\mybatis-spring-2.0.0.jar;C:\Users\po\.m2\repository\com\github\pagehelper\pagehelper\4.2.1\pagehelper-4.2.1.jar;C:\Users\po\.m2\repository\com\github\jsqlparser\jsqlparser\0.9.5\jsqlparser-0.9.5.jar;C:\Users\po\.m2\repository\com\alibaba\druid\1.0.27\druid-1.0.27.jar;D:\jdk8\jre\..\lib\jconsole.jar;D:\jdk8\jre\..\lib\tools.jar;C:\Users\po\.m2\repository\mysql\mysql-connector-java\8.0.16\mysql-connector-java-8.0.16.jar;C:\Users\po\.m2\repository\org\springframework\boot\spring-boot-starter-data-redis\2.1.3.RELEASE\spring-boot-starter-data-redis-2.1.3.RELEASE.jar;C:\Users\po\.m2\repository\org\springframework\data\spring-data-redis\2.1.5.RELEASE\spring-data-redis-2.1.5.RELEASE.jar;C:\Users\po\.m2\repository\org\springframework\data\spring-data-keyvalue\2.1.5.RELEASE\spring-data-keyvalue-2.1.5.RELEASE.jar;C:\Users\po\.m2\repository\org\springframework\spring-tx\5.1.5.RELEASE\spring-tx-5.1.5.RELEASE.jar;C:\Users\po\.m2\repository\org\springframework\spring-oxm\5.1.5.RELEASE\spring-oxm-5.1.5.RELEASE.jar;C:\Users\po\.m2\repository\org\springframework\spring-context-support\5.1.5.RELEASE\spring-context-support-5.1.5.RELEASE.jar;C:\Users\po\.m2\repository\io\lettuce\lettuce-core\5.1.4.RELEASE\lettuce-core-5.1.4.RELEASE.jar;C:\Users\po\.m2\repository\io\netty\netty-common\4.1.33.Final\netty-common-4.1.33.Final.jar;C:\Users\po\.m2\repository\io\netty\netty-handler\4.1.33.Final\netty-handler-4.1.33.Final.jar;C:\Users\po\.m2\repository\io\netty\netty-buffer\4.1.33.Final\netty-buffer-4.1.33.Final.jar;C:\Users\po\.m2\repository\io\netty\netty-codec\4.1.33.Final\netty-codec-4.1.33.Final.jar;C:\Users\po\.m2\repository\io\netty\netty-transport\4.1.33.Final\netty-transport-4.1.33.Final.jar;C:\Users\po\.m2\repository\io\netty\netty-resolver\4.1.33.Final\netty-resolver-4.1.33.Final.jar;C:\Users\po\.m2\repository\io\projectreactor\reactor-core\3.2.6.RELEASE\reactor-core-3.2.6.RELEASE.jar;C:\Users\po\.m2\repository\org\reactivestreams\reactive-streams\1.0.2\reactive-streams-1.0.2.jar;C:\Users\po\.m2\repository\redis\clients\jedis\2.8.0\jedis-2.8.0.jar;C:\Users\po\.m2\repository\org\apache\commons\commons-pool2\2.6.1\commons-pool2-2.6.1.jar;C:\Users\po\.m2\repository\org\springframework\boot\spring-boot-starter-data-mongodb\2.1.3.RELEASE\spring-boot-starter-data-mongodb-2.1.3.RELEASE.jar;C:\Users\po\.m2\repository\org\mongodb\mongodb-driver\3.8.2\mongodb-driver-3.8.2.jar;C:\Users\po\.m2\repository\org\mongodb\bson\3.8.2\bson-3.8.2.jar;C:\Users\po\.m2\repository\org\mongodb\mongodb-driver-core\3.8.2\mongodb-driver-core-3.8.2.jar;C:\Users\po\.m2\repository\org\springframework\data\spring-data-mongodb\2.1.5.RELEASE\spring-data-mongodb-2.1.5.RELEASE.jar;C:\Users\po\.m2\repository\org\springframework\data\spring-data-commons\2.1.5.RELEASE\spring-data-commons-2.1.5.RELEASE.jar;C:\Users\po\.m2\repository\org\mongodb\mongo-java-driver\3.6.0\mongo-java-driver-3.6.0.jar;C:\Users\po\.m2\repository\com\alibaba\fastjson\1.2.40\fastjson-1.2.40.jar;C:\Users\po\.m2\repository\org\apache\commons\commons-lang3\3.6\commons-lang3-3.6.jar;C:\Users\po\.m2\repository\com\fasterxml\jackson\core\jackson-annotations\2.11.3\jackson-annotations-2.11.3.jar;C:\Users\po\.m2\repository\com\fasterxml\jackson\core\jackson-core\2.11.3\jackson-core-2.11.3.jar;C:\Users\po\.m2\repository\com\fasterxml\jackson\core\jackson-databind\2.11.3\jackson-databind-2.11.3.jar;C:\Users\po\.m2\repository\com\fasterxml\jackson\module\jackson-module-parameter-names\2.9.8\jackson-module-parameter-names-2.9.8.jar;C:\Users\po\.m2\repository\com\fasterxml\jackson\datatype\jackson-datatype-jdk8\2.9.8\jackson-datatype-jdk8-2.9.8.jar;C:\Users\po\.m2\repository\com\fasterxml\jackson\datatype\jackson-datatype-jsr310\2.9.8\jackson-datatype-jsr310-2.9.8.jar;C:\Users\po\.m2\repository\com\jayway\jsonpath\json-path\2.2.0\json-path-2.2.0.jar;C:\Users\po\.m2\repository\net\minidev\json-smart\2.2.1\json-smart-2.2.1.jar;C:\Users\po\.m2\repository\net\minidev\accessors-smart\1.1\accessors-smart-1.1.jar;C:\Users\po\.m2\repository\org\ow2\asm\asm\5.0.3\asm-5.0.3.jar;C:\Users\po\.m2\repository\org\dom4j\dom4j\2.1.3\dom4j-2.1.3.jar;C:\Users\po\.m2\repository\com\esotericsoftware\kryo-shaded\3.0.3\kryo-shaded-3.0.3.jar;C:\Users\po\.m2\repository\com\esotericsoftware\minlog\1.3.0\minlog-1.3.0.jar;C:\Users\po\.m2\repository\org\objenesis\objenesis\2.1\objenesis-2.1.jar;C:\Users\po\.m2\repository\net\sourceforge\javacsv\javacsv\2.0\javacsv-2.0.jar;C:\Users\po\.m2\repository\org\projectlombok\lombok\1.18.2\lombok-1.18.2.jar;C:\Users\po\.m2\repository\io\springfox\springfox-swagger2\2.6.1\springfox-swagger2-2.6.1.jar;C:\Users\po\.m2\repository\io\swagger\swagger-annotations\1.5.10\swagger-annotations-1.5.10.jar;C:\Users\po\.m2\repository\io\swagger\swagger-models\1.5.10\swagger-models-1.5.10.jar;C:\Users\po\.m2\repository\io\springfox\springfox-spi\2.6.1\springfox-spi-2.6.1.jar;C:\Users\po\.m2\repository\io\springfox\springfox-core\2.6.1\springfox-core-2.6.1.jar;C:\Users\po\.m2\repository\io\springfox\springfox-schema\2.6.1\springfox-schema-2.6.1.jar;C:\Users\po\.m2\repository\io\springfox\springfox-swagger-common\2.6.1\springfox-swagger-common-2.6.1.jar;C:\Users\po\.m2\repository\io\springfox\springfox-spring-web\2.6.1\springfox-spring-web-2.6.1.jar;C:\Users\po\.m2\repository\com\google\guava\guava\18.0\guava-18.0.jar;C:\Users\po\.m2\repository\com\fasterxml\classmate\1.4.0\classmate-1.4.0.jar;C:\Users\po\.m2\repository\org\springframework\plugin\spring-plugin-core\1.2.0.RELEASE\spring-plugin-core-1.2.0.RELEASE.jar;C:\Users\po\.m2\repository\org\springframework\plugin\spring-plugin-metadata\1.2.0.RELEASE\spring-plugin-metadata-1.2.0.RELEASE.jar;C:\Users\po\.m2\repository\org\mapstruct\mapstruct\1.0.0.Final\mapstruct-1.0.0.Final.jar;C:\Users\po\.m2\repository\io\springfox\springfox-swagger-ui\2.6.1\springfox-swagger-ui-2.6.1.jar;C:\Users\po\.m2\repository\org\springframework\boot\spring-boot-devtools\2.1.3.RELEASE\spring-boot-devtools-2.1.3.RELEASE.jar;C:\Users\po\.m2\repository\org\springframework\boot\spring-boot\2.1.3.RELEASE\spring-boot-2.1.3.RELEASE.jar;C:\Users\po\.m2\repository\org\springframework\boot\spring-boot-autoconfigure\2.1.3.RELEASE\spring-boot-autoconfigure-2.1.3.RELEASE.jar;"/>
    <property name="sun.cpu.endian" value="little"/>
    <property name="user.home" value="C:\Users\po"/>
    <property name="user.language" value="zh"/>
    <property name="java.specification.vendor" value="Oracle Corporation"/>
    <property name="java.home" value="D:\jdk8\jre"/>
    <property name="basedir" value="E:\SchedulingPlatform\scheduler"/>
    <property name="file.separator" value="\"/>
    <property name="line.separator" value="&#10;"/>
    <property name="java.vm.specification.vendor" value="Oracle Corporation"/>
    <property name="java.specification.name" value="Java Platform API Specification"/>
    <property name="java.awt.graphicsenv" value="sun.awt.Win32GraphicsEnvironment"/>
    <property name="surefire.real.class.path" value="C:\Users\po\AppData\Local\Temp\surefire661002234235374120\surefirebooter7015636442353014427.jar"/>
    <property name="sun.boot.class.path" value="D:\jdk8\jre\lib\resources.jar;D:\jdk8\jre\lib\rt.jar;D:\jdk8\jre\lib\sunrsasign.jar;D:\jdk8\jre\lib\jsse.jar;D:\jdk8\jre\lib\jce.jar;D:\jdk8\jre\lib\charsets.jar;D:\jdk8\jre\lib\jfr.jar;D:\jdk8\jre\classes"/>
    <property name="user.script" value=""/>
    <property name="sun.management.compiler" value="HotSpot 64-Bit Tiered Compilers"/>
    <property name="java.runtime.version" value="1.8.0_271-b09"/>
    <property name="user.name" value="po"/>
    <property name="path.separator" value=";"/>
    <property name="os.version" value="10.0"/>
    <property name="java.endorsed.dirs" value="D:\jdk8\jre\lib\endorsed"/>
    <property name="java.runtime.name" value="Java(TM) SE Runtime Environment"/>
    <property name="file.encoding" value="GBK"/>
    <property name="java.vm.name" value="Java HotSpot(TM) 64-Bit Server VM"/>
    <property name="localRepository" value="C:\Users\po\.m2\repository"/>
    <property name="java.vendor.url.bug" value="http://bugreport.sun.com/bugreport/"/>
    <property name="java.io.tmpdir" value="C:\Users\po\AppData\Local\Temp\"/>
    <property name="idea.version" value="2020.2.3"/>
    <property name="java.version" value="1.8.0_271"/>
    <property name="user.dir" value="E:\SchedulingPlatform\scheduler"/>
    <property name="os.arch" value="amd64"/>
    <property name="java.vm.specification.name" value="Java Virtual Machine Specification"/>
    <property name="java.awt.printerjob" value="sun.awt.windows.WPrinterJob"/>
    <property name="sun.os.patch.level" value=""/>
    <property name="java.library.path" value="D:\jdk8\jre\bin;C:\Windows\Sun\Java\bin;C:\Windows\system32;C:\Windows;C:\Program Files (x86)\Common Files\Oracle\Java\javapath;C:\Windows\system32;C:\Windows;C:\Windows\System32\Wbem;C:\Windows\System32\WindowsPowerShell\v1.0\;C:\Windows\System32\OpenSSH\;C:\Program Files (x86)\NVIDIA Corporation\PhysX\Common;C:\Program Files\NVIDIA Corporation\NVIDIA NvDLISR;D:\Git\cmd;D:\cmake3.19\bin;D:\GnuWin32\bin;D:\node.js\;E:\redis\;D:\python3.7\Scripts\;D:\python3.7\;C:\Users\po\AppData\Local\Microsoft\WindowsApps;;D:\Microsoft VS Code\bin;C:\Users\po\AppData\Roaming\npm;."/>
    <property name="java.vm.info" value="mixed mode"/>
    <property name="java.vendor" value="Oracle Corporation"/>
    <property name="java.vm.version" value="25.271-b09"/>
    <property name="java.ext.dirs" value="D:\jdk8\jre\lib\ext;C:\Windows\Sun\Java\lib\ext"/>
    <property name="sun.io.unicode.encoding" value="UnicodeLittle"/>
    <property name="java.class.version" value="52.0"/>
  </properties>
  <testcase name="findNearstPose" classname="com.skywilling.cn.scheduler.core.trajectoryalgorithm.GolbalPlanningTest" time="0.001"/>
  <testcase name="testRouting" classname="com.skywilling.cn.scheduler.core.trajectoryalgorithm.GolbalPlanningTest" time="0.009">
    <failure type="java.lang.AssertionError">java.lang.AssertionError
	at com.skywilling.cn.scheduler.core.trajectoryalgorithm.GolbalPlanningTest.testRouting(GolbalPlanningTest.java:29)
</failure>
  </testcase>
  <testcase name="readALLFiles" classname="com.skywilling.cn.scheduler.core.trajectoryalgorithm.GolbalPlanningTest" time="0"/>
  <testcase name="filesgetAllFiles" classname="com.skywilling.cn.scheduler.core.trajectoryalgorithm.GolbalPlanningTest" time="0"/>
</testsuite>